<?xml version="1.0" encoding="UTF-8"?>
<!-- Generated by org.testng.reporters.JUnitXMLReporter -->
<testsuite ignored="0" hostname="STGIDT-NEW-154" failures="0" tests="5" name="Default test" time="27.483" errors="0" timestamp="2022-02-03T11:32:10 IST">
  <testcase classname="insurancedemoapp.tests.AutomobileInsuranceTest" name="automobileEnterVehicleData" time="2.758"/>
  <testcase classname="insurancedemoapp.tests.AutomobileInsuranceTest" name="automobileEnterInsuranceData" time="1.014"/>
  <testcase classname="insurancedemoapp.tests.AutomobileInsuranceTest" name="automobileEnterProductData" time="0.854"/>
  <testcase classname="insurancedemoapp.tests.AutomobileInsuranceTest" name="automobileSelectPriceOption" time="0.258"/>
  <testcase classname="insurancedemoapp.tests.AutomobileInsuranceTest" name="automobileSendQuote" time="9.322"/>
</testsuite> <!-- Default test -->
