<?xml version="1.0" encoding="UTF-8"?>
<!-- Generated by org.testng.reporters.JUnitXMLReporter -->
<testsuite ignored="0" hostname="STGIDT-NEW-154" failures="0" tests="5" name="vehicleInsuranceTest" time="31.287" errors="0" timestamp="2022-01-21T11:00:54 IST">
  <testcase classname="insurancedemoapp.tests.AutomobileInsuranceTest" name="automobileEnterVehicleData" time="3.67"/>
  <testcase classname="insurancedemoapp.tests.AutomobileInsuranceTest" name="automobileEnterInsuranceData" time="1.381"/>
  <testcase classname="insurancedemoapp.tests.AutomobileInsuranceTest" name="automobileEnterProductData" time="1.198"/>
  <testcase classname="insurancedemoapp.tests.AutomobileInsuranceTest" name="automobileSelectPriceOption" time="0.956"/>
  <testcase classname="insurancedemoapp.tests.AutomobileInsuranceTest" name="automobileSendQuote" time="9.817"/>
</testsuite> <!-- vehicleInsuranceTest -->
