<?xml version="1.0" encoding="UTF-8"?>
<testng-results ignored="0" total="5" passed="5" failed="0" skipped="0">
  <reporter-output>
  </reporter-output>
  <suite started-at="2022-02-03T11:31:42 IST" name="Default suite" finished-at="2022-02-03T11:32:10 IST" duration-ms="27483">
    <groups>
    </groups>
    <test started-at="2022-02-03T11:31:42 IST" name="Default test" finished-at="2022-02-03T11:32:10 IST" duration-ms="27483">
      <class name="insurancedemoapp.tests.AutomobileInsuranceTest">
        <test-method is-config="true" signature="initializeDriver(java.lang.String)[pri:0, instance:insurancedemoapp.tests.AutomobileInsuranceTest@4f80542f]" started-at="2022-02-03T11:31:42 IST" name="initializeDriver" finished-at="2022-02-03T11:31:54 IST" duration-ms="11689" status="PASS">
          <params>
            <param index="0">
              <value>
                <![CDATA[Chrome]]>
              </value>
            </param>
          </params>
          <reporter-output>
          </reporter-output>
        </test-method> <!-- initializeDriver -->
        <test-method signature="automobileEnterVehicleData([Ljava.lang.String;)[pri:1, instance:insurancedemoapp.tests.AutomobileInsuranceTest@4f80542f]" started-at="2022-02-03T11:31:55 IST" name="automobileEnterVehicleData" data-provider="automobileVehicleData" finished-at="2022-02-03T11:31:58 IST" duration-ms="2758" status="PASS">
          <params>
            <param index="0">
              <value>
                <![CDATA[[Ljava.lang.String;@781aff8b]]>
              </value>
            </param>
          </params>
          <reporter-output>
          </reporter-output>
        </test-method> <!-- automobileEnterVehicleData -->
        <test-method signature="automobileEnterInsuranceData([Ljava.lang.String;)[pri:2, instance:insurancedemoapp.tests.AutomobileInsuranceTest@4f80542f]" started-at="2022-02-03T11:31:58 IST" name="automobileEnterInsuranceData" data-provider="automobileInsuranceData" finished-at="2022-02-03T11:31:59 IST" duration-ms="1014" status="PASS">
          <params>
            <param index="0">
              <value>
                <![CDATA[[Ljava.lang.String;@11c78080]]>
              </value>
            </param>
          </params>
          <reporter-output>
          </reporter-output>
        </test-method> <!-- automobileEnterInsuranceData -->
        <test-method signature="automobileEnterProductData([Ljava.lang.String;)[pri:3, instance:insurancedemoapp.tests.AutomobileInsuranceTest@4f80542f]" started-at="2022-02-03T11:31:59 IST" name="automobileEnterProductData" data-provider="automobileProductData" finished-at="2022-02-03T11:32:00 IST" duration-ms="854" status="PASS">
          <params>
            <param index="0">
              <value>
                <![CDATA[[Ljava.lang.String;@126f8f24]]>
              </value>
            </param>
          </params>
          <reporter-output>
          </reporter-output>
        </test-method> <!-- automobileEnterProductData -->
        <test-method signature="automobileSelectPriceOption([Ljava.lang.String;)[pri:4, instance:insurancedemoapp.tests.AutomobileInsuranceTest@4f80542f]" started-at="2022-02-03T11:32:00 IST" name="automobileSelectPriceOption" data-provider="automobilePriceOptionData" finished-at="2022-02-03T11:32:00 IST" duration-ms="258" status="PASS">
          <params>
            <param index="0">
              <value>
                <![CDATA[[Ljava.lang.String;@7fbf26fc]]>
              </value>
            </param>
          </params>
          <reporter-output>
          </reporter-output>
        </test-method> <!-- automobileSelectPriceOption -->
        <test-method signature="automobileSendQuote([Ljava.lang.String;)[pri:5, instance:insurancedemoapp.tests.AutomobileInsuranceTest@4f80542f]" started-at="2022-02-03T11:32:00 IST" name="automobileSendQuote" data-provider="automobileSendQuoteData" finished-at="2022-02-03T11:32:10 IST" duration-ms="9322" status="PASS">
          <params>
            <param index="0">
              <value>
                <![CDATA[[Ljava.lang.String;@35e98af]]>
              </value>
            </param>
          </params>
          <reporter-output>
          </reporter-output>
        </test-method> <!-- automobileSendQuote -->
        <test-method is-config="true" signature="teardown()[pri:0, instance:insurancedemoapp.tests.AutomobileInsuranceTest@4f80542f]" started-at="2022-02-03T11:32:10 IST" name="teardown" finished-at="2022-02-03T11:32:10 IST" duration-ms="135" status="PASS">
          <reporter-output>
          </reporter-output>
        </test-method> <!-- teardown -->
      </class> <!-- insurancedemoapp.tests.AutomobileInsuranceTest -->
    </test> <!-- Default test -->
  </suite> <!-- Default suite -->
</testng-results>
